<?xml version="1.0" encoding="UTF-8"?>
<!-- Generated by org.testng.reporters.JUnitReportReporter -->
<testsuite hostname="srivastav" failures="0" tests="6" name="api.test.DDTests" time="8.374" errors="0" timestamp="2023-12-08T13:43:32 IST" skipped="0">
  <testcase classname="api.test.DDTests" name="testPostUser" time="1.182"/>
  <testcase classname="api.test.DDTests" name="testPostUser" time="1.112"/>
  <testcase classname="api.test.DDTests" name="testPostUser" time="2.666"/>
  <testcase classname="api.test.DDTests" name="testDeleteUserByName" time="1.133"/>
  <testcase classname="api.test.DDTests" name="testDeleteUserByName" time="1.144"/>
  <testcase classname="api.test.DDTests" name="testDeleteUserByName" time="1.137"/>
</testsuite> <!-- api.test.DDTests -->
