<?xml version="1.0" encoding="UTF-8"?>
<!-- Generated by org.testng.reporters.JUnitReportReporter -->
<testsuite hostname="srivastav" failures="0" tests="4" name="api.test.UserTests" time="14.682" errors="0" timestamp="2023-12-08T16:04:30 IST" skipped="0">
  <testcase classname="api.test.UserTests" name="testPostUser" time="7.207"/>
  <testcase classname="api.test.UserTests" name="testGetUserByName" time="2.051"/>
  <testcase classname="api.test.UserTests" name="testUpdateUserByName" time="3.779"/>
  <testcase classname="api.test.UserTests" name="testDeleteUserByName" time="1.645"/>
</testsuite> <!-- api.test.UserTests -->
