<?xml version="1.0" encoding="UTF-8"?>
<!-- Generated by org.testng.reporters.JUnitReportReporter -->
<testsuite hostname="srivastav" failures="0" tests="6" name="api.test.DDTests" time="14.672" errors="0" timestamp="2023-12-11T11:21:51 IST" skipped="0">
  <testcase classname="api.test.DDTests" name="testPostUser" time="1.324"/>
  <testcase classname="api.test.DDTests" name="testPostUser" time="7.106"/>
  <testcase classname="api.test.DDTests" name="testPostUser" time="1.695"/>
  <testcase classname="api.test.DDTests" name="testDeleteUserByName" time="1.584"/>
  <testcase classname="api.test.DDTests" name="testDeleteUserByName" time="1.432"/>
  <testcase classname="api.test.DDTests" name="testDeleteUserByName" time="1.531"/>
</testsuite> <!-- api.test.DDTests -->
