<?xml version="1.0" encoding="UTF-8"?>
<!-- Generated by org.testng.reporters.JUnitReportReporter -->
<testsuite hostname="srivastav" failures="0" tests="4" name="api.test.UserTests" time="7.852" errors="0" timestamp="2023-12-11T11:21:51 IST" skipped="0">
  <testcase classname="api.test.UserTests" name="testPostUser" time="1.974"/>
  <testcase classname="api.test.UserTests" name="testGetUserByName" time="1.481"/>
  <testcase classname="api.test.UserTests" name="testUpdateUserByName" time="2.964"/>
  <testcase classname="api.test.UserTests" name="testDeleteUserByName" time="1.433"/>
</testsuite> <!-- api.test.UserTests -->
